<?xml version="1.0" encoding="UTF-8"?>
<testsuite name="com.cetc28.nettystudy.s02Test.TankMsgCodecTest" tests="1" skipped="0" failures="0" errors="0" timestamp="2022-02-01T15:07:40" hostname="Franky-Matebook14" time="0.103">
  <properties/>
  <testcase name="testTankMsgEncoder2" classname="com.cetc28.nettystudy.s02Test.TankMsgCodecTest" time="0.103"/>
  <system-out><![CDATA[]]></system-out>
  <system-err><![CDATA[]]></system-err>
</testsuite>
